make all --print-data-base --no-builtin-variables --no-builtin-rules --question
# GNU Make 3.81
# Copyright (C) 2006  Free Software Foundation, Inc.
# This is free software; see the source for copying conditions.
# There is NO warranty; not even for MERCHANTABILITY or FITNESS FOR A
# PARTICULAR PURPOSE.

# This program built for i386-apple-darwin11.3.0
 
make: *** No rule to make target `all'.  Stop.


# Make data base, printed on Mon May 23 11:59:02 2022

# Variables

# automatic
<D = $(patsubst %/,%,$(dir $<))
# automatic
?F = $(notdir $?)
# environment
ELECTRON_NO_ATTACH_CONSOLE = 1
# environment
LC_CTYPE = UTF-8
# environment
VSCODE_LOG_NATIVE = false
# automatic
?D = $(patsubst %/,%,$(dir $?))
# automatic
@D = $(patsubst %/,%,$(dir $@))
# automatic
@F = $(notdir $@)
# makefile
CURDIR := /Users/shunmugamv/Documents/work/repos/gitea_apis
# makefile
SHELL = /bin/sh
# environment
VSCODE_NLS_CONFIG = {"locale":"en-gb","availableLanguages":{},"_languagePackSupport":true}
# environment
_ = /usr/bin/make
# makefile (from `Makefile', line 1)
MAKEFILE_LIST :=  Makefile
# environment
VSCODE_VERBOSE_LOGGING = true
# environment
__CFBundleIdentifier = com.microsoft.VSCode
# environment
VSCODE_IPC_HOOK_EXTHOST = /var/folders/wf/43dcwf8913n0fmm75n_s2cbh0000gn/T/vscode-ipc-15780463-d9b9-4955-bf5a-b844d030da07.sock
# environment
VSCODE_CWD = /Users/shunmugamv/Documents/work/repos/gitea_apis
# environment
PATH = /usr/local/bin:/usr/bin:/bin:/usr/sbin:/sbin:/Users/shunmugamv/.fzf/bin
# environment
LSCOLORS = Gxfxcxdxbxegedabagacad
# environment
VSCODE_LOG_STACK = false
# environment
ELECTRON_RUN_AS_NODE = 1
# default
.FEATURES := target-specific order-only second-expansion else-if archives jobserver check-symlink
# environment
SSH_AUTH_SOCK = /private/tmp/com.apple.launchd.zpDYosrZVD/Listeners
# automatic
%F = $(notdir $%)
# environment
VSCODE_PIPE_LOGGING = true
# environment
PWD = /Users/shunmugamv/Documents/work/repos/gitea_apis
# environment
ORIGINAL_XDG_CURRENT_DESKTOP = undefined
# environment
VSCODE_AMD_ENTRYPOINT = vs/workbench/api/node/extensionHostProcess
# environment
HOME = /Users/shunmugamv
# default
MAKEFILEPATH = $(shell /usr/bin/xcode-select -print-path 2>/dev/null || echo /Developer)/Makefiles
# environment
VSCODE_CLI = 1
# environment
VSCODE_CODE_CACHE_PATH = /Users/shunmugamv/Library/Application Support/Code/CachedData/c3511e6c69bb39013c4a4b7b9566ec1ca73fc4d5
# environment
LOGNAME = shunmugamv
# environment
APPLICATION_INSIGHTS_NO_DIAGNOSTIC_CHANNEL = 1
# environment
ZSH = /Users/shunmugamv/.oh-my-zsh
# environment
VSCODE_HANDLES_UNCAUGHT_ERRORS = true
# automatic
^D = $(patsubst %/,%,$(dir $^))
# environment
XPC_FLAGS = 0x0
# environment
COLORTERM = truecolor
# default
MAKE = $(MAKE_COMMAND)
# environment
LC_TERMINAL = iTerm2
# environment
SHLVL = 3
# default
MAKE_VERSION := 3.81
# environment
USER = shunmugamv
# makefile
.DEFAULT_GOAL := clean-gocd-setup-1
# default
MAKECMDGOALS := all
# environment
TERM_SESSION_ID = w0t0p0:5102C645-3788-4BBB-8D46-119D0616E286
# environment
LESS = -R
# automatic
%D = $(patsubst %/,%,$(dir $%))
# default
MAKE_COMMAND := /Library/Developer/CommandLineTools/usr/bin/make
# environment
TERM_PROGRAM = iTerm.app
# default
.VARIABLES := 
# environment
TMPDIR = /var/folders/wf/43dcwf8913n0fmm75n_s2cbh0000gn/T/
# automatic
*F = $(notdir $*)
# environment
VSCODE_IPC_HOOK = /Users/shunmugamv/Library/Application Support/Code/1.67.2-main.sock
# makefile
MAKEFLAGS = Rrqp
# environment
MFLAGS = -Rrqp
# automatic
*D = $(patsubst %/,%,$(dir $*))
# environment
TERM_PROGRAM_VERSION = 3.4.15
# environment
XPC_SERVICE_NAME = application.com.microsoft.VSCode.3764177.3764183.F8498C9C-1E5F-41FC-A10D-B04682E9446B
# environment
LC_TERMINAL_VERSION = 3.4.15
# automatic
+D = $(patsubst %/,%,$(dir $+))
# automatic
+F = $(notdir $+)
# environment
ITERM_SESSION_ID = w0t0p0:5102C645-3788-4BBB-8D46-119D0616E286
# environment
COLORFGBG = 15;0
# environment
__CF_USER_TEXT_ENCODING = 0x1F5:0x0:0x0
# environment
COMMAND_MODE = unix2003
# default
MAKEFILES := 
# automatic
<F = $(notdir $<)
# environment
ITERM_PROFILE = Default
# environment
PAGER = less
# environment
LC_ALL = C
# automatic
^F = $(notdir $^)
# default
SUFFIXES := 
# default
.INCLUDE_DIRS = /usr/local/include
# environment
MAKELEVEL := 0
# environment
LANG = C
# environment
TERM = xterm-256color
# environment
VSCODE_PID = 8342
# variable set hash-table stats:
# Load=79/1024=8%, Rehash=0, Collisions=4/103=4%

# Pattern-specific Variable Values

# No pattern-specific variable values.

# Directories

# . (device 16777222, inode 3674942): 15 files, no impossibilities.

# 15 files, no impossibilities in 1 directories.

# Implicit Rules

# No implicit rules.

# Files

clean-gocd-setup-1:
#  Implicit rule search has not been done.
#  Modification time never checked.
#  File has not been updated.
#  commands to execute (from `Makefile', line 2):
	echo "cleaning old certs..."
	rm -rf ./gocd-1/roles/gocd_agent/gocd.example.com.crt
	rm -rf ./gocd-1/roles/gocd_agent/gocd.example.com.key
	rm -rf ./gocd-1/roles/gocd_server/gocd.example.com.crt
	rm -rf ./gocd-1/roles/gocd_server/gocd.example.com.key
	rm -rf ./gocd-1/roles/gocd_agent/files/id_rsa
	rm -rf ./gocd-1/deploy_keys/id_rsa.pub
	

init-setup-gocd: clean-gocd-setup
#  Implicit rule search has not been done.
#  Modification time never checked.
#  File has not been updated.
#  commands to execute (from `Makefile', line 38):
	sh ./gocd/cnf/generate_csr.sh
	sh ./gocd/deploy_keys/generate_key.sh
	mv id_rsa ./gocd/roles/gocd_agent/files/
	mv id_rsa.pub ./gocd/deploy_keys/
	

stop-gocd:
#  Implicit rule search has not been done.
#  Modification time never checked.
#  File has not been updated.
#  commands to execute (from `Makefile', line 47):
	cd gocd && vagrant destroy -f && cd - 
	

init-setup-gocd-1: clean-gocd-setup
#  Implicit rule search has not been done.
#  Modification time never checked.
#  File has not been updated.
#  commands to execute (from `Makefile', line 12):
	sh ./gocd-1/cnf/generate_csr.sh
	sh ./gocd-1/deploy_keys/generate_key.sh
	mv id_rsa ./gocd-1/roles/gocd_agent/files/
	mv id_rsa.pub ./gocd-1/deploy_keys/
	

stop-gocd-1:
#  Implicit rule search has not been done.
#  Modification time never checked.
#  File has not been updated.
#  commands to execute (from `Makefile', line 21):
	cd gocd-1 && vagrant destroy -f && cd - 
	

# Not a target:
all:
#  Command-line target.
#  Implicit rule search has been done.
#  File does not exist.
#  File has not been updated.
# variable set hash-table stats:
# Load=0/32=0%, Rehash=0, Collisions=0/0=0%

# Not a target:
.SUFFIXES:
#  Implicit rule search has not been done.
#  Modification time never checked.
#  File has not been updated.

# Not a target:
Makefile:
#  Implicit rule search has been done.
#  Last modified 2022-05-19 23:35:07
#  File has been updated.
#  Successfully updated.
# variable set hash-table stats:
# Load=0/32=0%, Rehash=0, Collisions=0/0=0%

start-gocd:
#  Implicit rule search has not been done.
#  Modification time never checked.
#  File has not been updated.
#  commands to execute (from `Makefile', line 44):
	cd gocd && vagrant up && cd -
	

start-gocd-1:
#  Implicit rule search has not been done.
#  Modification time never checked.
#  File has not been updated.
#  commands to execute (from `Makefile', line 18):
	cd gocd-1 && vagrant up && cd -
	

stop-gittea:
#  Implicit rule search has not been done.
#  Modification time never checked.
#  File has not been updated.
#  commands to execute (from `Makefile', line 55):
	docker-compose -f ./gittea/docker-compose.yml down --remove-orphans
	

stop-prom:
#  Implicit rule search has not been done.
#  Modification time never checked.
#  File has not been updated.
#  commands to execute (from `Makefile', line 60):
	docker-compose -f ./prometheus/docker-compose.yml down --remove-orphans
	

# Not a target:
.DEFAULT:
#  Implicit rule search has not been done.
#  Modification time never checked.
#  File has not been updated.

start-gittea:
#  Implicit rule search has not been done.
#  Modification time never checked.
#  File has not been updated.
#  commands to execute (from `Makefile', line 53):
	docker-compose -f ./gittea/docker-compose.yml up -d --remove-orphans
	

generate-gocd-encrypt-git-pass:
#  Implicit rule search has not been done.
#  Modification time never checked.
#  File has not been updated.
#  commands to execute (from `Makefile', line 63):
 
	curl 'http://192.168.56.11:8153/go/api/admin/encrypt' -u 'goadmin:goadmin' -H 'Accept: application/vnd.go.cd.v1+json' -H 'Content-Type: application/json' -X POST -d '{ "value": "gittea" }'
	

start-prom:
#  Implicit rule search has not been done.
#  Modification time never checked.
#  File has not been updated.
#  commands to execute (from `Makefile', line 58):
	docker-compose -f ./prometheus/docker-compose.yml up -d --remove-orphans
	

gocd-status:
#  Implicit rule search has not been done.
#  Modification time never checked.
#  File has not been updated.
#  commands to execute (from `Makefile', line 50):
	cd gocd && vagrant status && cd - 
	

gocd-status-1:
#  Implicit rule search has not been done.
#  Modification time never checked.
#  File has not been updated.
#  commands to execute (from `Makefile', line 24):
	cd gocd-1 && vagrant status && cd - 
	

clean-gocd-setup:
#  Implicit rule search has not been done.
#  Modification time never checked.
#  File has not been updated.
#  commands to execute (from `Makefile', line 28):
	echo "cleaning old certs..."
	rm -rf ./gocd/roles/gocd_agent/gocd.example.com.crt
	rm -rf ./gocd/roles/gocd_agent/gocd.example.com.key
	rm -rf ./gocd/roles/gocd_server/gocd.example.com.crt
	rm -rf ./gocd/roles/gocd_server/gocd.example.com.key
	rm -rf ./gocd/roles/gocd_agent/files/id_rsa
	rm -rf ./gocd/deploy_keys/id_rsa.pub
	

# files hash-table stats:
# Load=19/1024=2%, Rehash=0, Collisions=0/33=0%
# VPATH Search Paths

# No `vpath' search paths.

# No general (`VPATH' variable) search path.

# # of strings in strcache: 1
# # of strcache buffers: 1
# strcache size: total = 4096 / max = 4096 / min = 4096 / avg = 4096
# strcache free: total = 4087 / max = 4087 / min = 4087 / avg = 4087

# Finished Make data base on Mon May 23 11:59:02 2022

 
